0 info it worked if it ends with ok
1 verbose cli [ '/usr/bin/nodejs', '/usr/bin/npm', 'remove', 'mongoose' ]
2 info using npm@3.10.10
3 info using node@v6.11.0
4 silly loadCurrentTree Starting
5 silly install loadCurrentTree
6 silly install readLocalPackageData
7 silly install normalizeTree
8 silly loadCurrentTree Finishing
9 silly loadIdealTree Starting
10 silly install loadIdealTree
11 silly cloneCurrentTree Starting
12 silly install cloneCurrentTreeToIdealTree
13 silly cloneCurrentTree Finishing
14 silly loadShrinkwrap Starting
15 silly install loadShrinkwrap
16 silly loadShrinkwrap Finishing
17 silly loadAllDepsIntoIdealTree Starting
18 silly uninstall loadAllDepsIntoIdealtree
19 silly loadAllDepsIntoIdealTree Finishing
20 silly loadIdealTree Finishing
21 silly currentTree countly-server@17.5.0
21 silly currentTree +-- abbrev@1.1.0
21 silly currentTree +-- accepts@1.3.3
21 silly currentTree +-- acorn-jsx@3.0.1
21 silly currentTree +-- acorn@3.3.0
21 silly currentTree +-- ajv@4.11.8
21 silly currentTree +-- align-text@0.1.4
21 silly currentTree +-- ansi-regex@2.1.1
21 silly currentTree +-- ansi-styles@2.2.1
21 silly currentTree +-- argparse@1.0.9
21 silly currentTree +-- array-find-index@1.0.2
21 silly currentTree +-- array-flatten@1.1.1
21 silly currentTree +-- asn1@0.2.3
21 silly currentTree +-- assert-plus@0.2.0
21 silly currentTree +-- async@2.4.0
21 silly currentTree +-- asynckit@0.4.0
21 silly currentTree +-- aws-sign2@0.6.0
21 silly currentTree +-- aws4@1.6.0
21 silly currentTree +-- balanced-match@1.0.0
21 silly currentTree +-- basic-auth@1.1.0
21 silly currentTree +-- bcrypt-pbkdf@1.0.1
21 silly currentTree +-- bignumber.js@2.4.0
21 silly currentTree +-- binary@0.3.0
21 silly currentTree +-- bindings@1.2.1
21 silly currentTree +-- bluebird@3.5.0
21 silly currentTree +-- bmp-js@0.0.1
21 silly currentTree +-- body-parser@1.17.1
21 silly currentTree +-- boom@2.10.1
21 silly currentTree +-- brace-expansion@1.1.8
21 silly currentTree +-- browser-stdout@1.3.0
21 silly currentTree +-- browserify-zlib@0.1.4
21 silly currentTree +-- bson@0.2.2
21 silly currentTree +-- buffer-equal@0.0.1
21 silly currentTree +-- buffer-shims@1.0.0
21 silly currentTree +-- buffers@0.1.1
21 silly currentTree +-- builtin-modules@1.1.1
21 silly currentTree +-- bytes@2.4.0
21 silly currentTree +-- camelcase-keys@2.1.0
21 silly currentTree +-- camelcase@2.1.1
21 silly currentTree +-- caseless@0.12.0
21 silly currentTree +-- catharsis@0.8.8
21 silly currentTree +-- center-align@0.1.3
21 silly currentTree +-- chainsaw@0.1.0
21 silly currentTree | `-- traverse@0.3.9
21 silly currentTree +-- chalk@1.1.3
21 silly currentTree +-- clean-css@4.0.13
21 silly currentTree +-- cli-table@0.3.1
21 silly currentTree | `-- colors@1.0.3
21 silly currentTree +-- cli@1.0.1
21 silly currentTree +-- cliui@2.1.0
21 silly currentTree +-- co@4.6.0
21 silly currentTree +-- coffee-script@1.10.0
21 silly currentTree +-- colors@1.1.2
21 silly currentTree +-- combined-stream@1.0.5
21 silly currentTree +-- commander@2.10.0
21 silly currentTree +-- component-emitter@1.2.1
21 silly currentTree +-- concat-map@0.0.1
21 silly currentTree +-- concat-stream@1.6.0
21 silly currentTree | +-- isarray@1.0.0
21 silly currentTree | +-- readable-stream@2.3.2
21 silly currentTree | `-- string_decoder@1.0.3
21 silly currentTree +-- connect-flash@0.1.1
21 silly currentTree +-- connect-mongoskin@0.1.2
21 silly currentTree | +-- kerberos@0.0.3
21 silly currentTree | +-- mongodb@1.3.19
21 silly currentTree | `-- mongoskin@0.6.1
21 silly currentTree +-- connect@2.3.9
21 silly currentTree | +-- bytes@0.1.0
21 silly currentTree | +-- formidable@1.0.11
21 silly currentTree | `-- qs@0.4.2
21 silly currentTree +-- console-browserify@1.1.0
21 silly currentTree +-- content-disposition@0.5.2
21 silly currentTree +-- content-type@1.0.2
21 silly currentTree +-- cookie-parser@1.4.3
21 silly currentTree | `-- cookie@0.3.1
21 silly currentTree +-- cookie-signature@1.0.6
21 silly currentTree +-- cookie@0.0.4
21 silly currentTree +-- cookiejar@2.1.1
21 silly currentTree +-- core-util-is@1.0.2
21 silly currentTree +-- countly-sdk-web@17.5.0
21 silly currentTree +-- crc@0.2.0
21 silly currentTree +-- cryptiles@2.0.5
21 silly currentTree +-- csrf@3.0.6
21 silly currentTree +-- csurf@1.9.0
21 silly currentTree | +-- cookie@0.3.1
21 silly currentTree | +-- http-errors@1.5.1
21 silly currentTree | `-- setprototypeof@1.0.2
21 silly currentTree +-- currently-unhandled@0.4.1
21 silly currentTree +-- dashdash@1.14.1
21 silly currentTree | `-- assert-plus@1.0.0
21 silly currentTree +-- date-now@0.1.4
21 silly currentTree +-- dateformat@1.0.12
21 silly currentTree +-- debug@2.6.1
21 silly currentTree +-- decamelize@1.2.0
21 silly currentTree +-- define-properties@1.1.2
21 silly currentTree +-- delayed-stream@1.0.0
21 silly currentTree +-- depd@1.1.0
21 silly currentTree +-- destroy@1.0.4
21 silly currentTree +-- diff@3.2.0
21 silly currentTree +-- docdash@0.4.0
21 silly currentTree +-- dom-serializer@0.1.0
21 silly currentTree | +-- domelementtype@1.1.3
21 silly currentTree | `-- entities@1.1.1
21 silly currentTree +-- dom-walk@0.1.1
21 silly currentTree +-- domelementtype@1.3.0
21 silly currentTree +-- domhandler@2.3.0
21 silly currentTree +-- domutils@1.5.1
21 silly currentTree +-- duplexer@0.1.1
21 silly currentTree +-- ecc-jsbn@0.1.1
21 silly currentTree +-- ee-first@1.1.1
21 silly currentTree +-- ejs@2.5.6
21 silly currentTree +-- encodeurl@1.0.1
21 silly currentTree +-- entities@1.0.0
21 silly currentTree +-- error-ex@1.3.1
21 silly currentTree +-- errorhandler@1.5.0
21 silly currentTree +-- es6-promise@3.3.1
21 silly currentTree +-- escape-html@1.0.3
21 silly currentTree +-- escape-string-regexp@1.0.5
21 silly currentTree +-- espree@3.1.7
21 silly currentTree +-- esprima@2.7.3
21 silly currentTree +-- etag@1.8.0
21 silly currentTree +-- evented-async-loop@0.1.1
21 silly currentTree +-- eventemitter2@0.4.14
21 silly currentTree +-- exif-parser@0.1.9
21 silly currentTree +-- exit@0.1.2
21 silly currentTree +-- express-expose@0.3.4
21 silly currentTree +-- express-session@1.15.2
21 silly currentTree | +-- cookie@0.3.1
21 silly currentTree | +-- crc@3.4.4
21 silly currentTree | `-- debug@2.6.3
21 silly currentTree +-- express@4.15.2
21 silly currentTree | +-- cookie@0.3.1
21 silly currentTree | +-- fresh@0.5.0
21 silly currentTree | +-- mime@1.3.4
21 silly currentTree | +-- range-parser@1.2.0
21 silly currentTree | `-- send@0.15.1
21 silly currentTree +-- extend@3.0.1
21 silly currentTree +-- external-ip@0.2.4
21 silly currentTree +-- extsprintf@1.0.2
21 silly currentTree +-- figures@1.7.0
21 silly currentTree +-- file-sync-cmp@0.1.1
21 silly currentTree +-- file-type@3.9.0
21 silly currentTree +-- finalhandler@1.0.3
21 silly currentTree | +-- debug@2.6.7
21 silly currentTree | `-- ms@2.0.0
21 silly currentTree +-- find-up@1.1.2
21 silly currentTree +-- findup-sync@0.3.0
21 silly currentTree | `-- glob@5.0.15
21 silly currentTree +-- flat@2.0.1
21 silly currentTree +-- for-each@0.3.2
21 silly currentTree +-- foreach@2.0.5
21 silly currentTree +-- forever-agent@0.6.1
21 silly currentTree +-- form-data@2.1.4
21 silly currentTree +-- formidable@1.1.1
21 silly currentTree +-- forwarded@0.1.0
21 silly currentTree +-- fresh@0.1.0
21 silly currentTree +-- fs.realpath@1.0.0
21 silly currentTree +-- fstream@0.1.31
21 silly currentTree +-- function-bind@1.1.0
21 silly currentTree +-- geoip-lite@1.2.1
21 silly currentTree +-- get-stdin@4.0.1
21 silly currentTree +-- getobject@0.1.0
21 silly currentTree +-- getpass@0.1.7
21 silly currentTree | `-- assert-plus@1.0.0
21 silly currentTree +-- glob@7.1.2
21 silly currentTree +-- global@4.3.2
21 silly currentTree +-- graceful-fs@3.0.11
21 silly currentTree +-- graceful-readlink@1.0.1
21 silly currentTree +-- growl@1.9.2
21 silly currentTree +-- grunt-cli@1.2.0
21 silly currentTree +-- grunt-contrib-concat@1.0.1
21 silly currentTree +-- grunt-contrib-copy@1.0.0
21 silly currentTree +-- grunt-contrib-cssmin@2.1.0
21 silly currentTree +-- grunt-contrib-jshint@1.1.0
21 silly currentTree +-- grunt-contrib-uglify@2.3.0
21 silly currentTree | +-- gzip-size@1.0.0
21 silly currentTree | +-- maxmin@1.1.0
21 silly currentTree | `-- pretty-bytes@1.0.4
21 silly currentTree +-- grunt-known-options@1.1.0
21 silly currentTree +-- grunt-legacy-log-utils@1.0.0
21 silly currentTree | `-- lodash@4.3.0
21 silly currentTree +-- grunt-legacy-log@1.0.0
21 silly currentTree | `-- lodash@3.10.1
21 silly currentTree +-- grunt-legacy-util@1.0.0
21 silly currentTree | +-- async@1.5.2
21 silly currentTree | `-- lodash@4.3.0
21 silly currentTree +-- grunt-mocha-test@0.13.2
21 silly currentTree +-- grunt@1.0.1
21 silly currentTree | +-- glob@7.0.6
21 silly currentTree | `-- rimraf@2.2.8
21 silly currentTree +-- gzip-size@3.0.0
21 silly currentTree +-- har-schema@1.0.5
21 silly currentTree +-- har-validator@4.2.1
21 silly currentTree +-- has-ansi@2.0.0
21 silly currentTree +-- has-flag@1.0.0
21 silly currentTree +-- hawk@3.1.3
21 silly currentTree +-- hoek@2.16.3
21 silly currentTree +-- hooker@0.2.3
21 silly currentTree +-- hosted-git-info@2.4.2
21 silly currentTree +-- htmlparser2@3.8.3
21 silly currentTree | `-- readable-stream@1.1.14
21 silly currentTree +-- http-errors@1.6.1
21 silly currentTree +-- http-signature@1.1.1
21 silly currentTree +-- httpntlm@1.6.1
21 silly currentTree | `-- underscore@1.7.0
21 silly currentTree +-- httpreq@0.4.23
21 silly currentTree +-- iconv-lite@0.4.15
21 silly currentTree +-- indent-string@2.1.0
21 silly currentTree +-- inflight@1.0.6
21 silly currentTree +-- inherits@2.0.3
21 silly currentTree +-- ip-regex@1.0.3
21 silly currentTree +-- ipaddr.js@1.3.0
21 silly currentTree +-- is-arrayish@0.2.1
21 silly currentTree +-- is-buffer@1.1.5
21 silly currentTree +-- is-builtin-module@1.0.0
21 silly currentTree +-- is-finite@1.0.2
21 silly currentTree +-- is-function@1.0.1
21 silly currentTree +-- is-typedarray@1.0.0
21 silly currentTree +-- is-utf8@0.2.1
21 silly currentTree +-- isarray@0.0.1
21 silly currentTree +-- isexe@2.0.0
21 silly currentTree +-- isstream@0.1.2
21 silly currentTree +-- jimp@0.2.27
21 silly currentTree | `-- mime@1.3.6
21 silly currentTree +-- jpeg-js@0.2.0
21 silly currentTree +-- js-yaml@3.5.5
21 silly currentTree +-- js2xmlparser@1.0.0
21 silly currentTree +-- jsbn@0.1.1
21 silly currentTree +-- jsdoc@3.4.3
21 silly currentTree | `-- bluebird@3.4.7
21 silly currentTree +-- jshint@2.9.5
21 silly currentTree | +-- lodash@3.7.0
21 silly currentTree | `-- strip-json-comments@1.0.4
21 silly currentTree +-- json-schema@0.2.3
21 silly currentTree +-- json-stable-stringify@1.0.1
21 silly currentTree +-- json-stringify-safe@5.0.1
21 silly currentTree +-- json2csv@3.7.3
21 silly currentTree +-- json2xls@0.1.2
21 silly currentTree | `-- excel-export@0.3.11
21 silly currentTree |   `-- node-zip@1.1.1
21 silly currentTree |     `-- jszip@2.5.0
21 silly currentTree |       `-- pako@0.2.8
21 silly currentTree +-- json3@3.3.2
21 silly currentTree +-- jsonify@0.0.0
21 silly currentTree +-- jsprim@1.4.0
21 silly currentTree | `-- assert-plus@1.0.0
21 silly currentTree +-- kerberos@0.0.23
21 silly currentTree +-- kind-of@3.2.2
21 silly currentTree +-- klaw@1.3.1
21 silly currentTree | `-- graceful-fs@4.1.11
21 silly currentTree +-- later@1.2.0
21 silly currentTree +-- lazy-cache@1.0.4
21 silly currentTree +-- lazy@1.0.11
21 silly currentTree +-- load-bmfont@1.3.0
21 silly currentTree | `-- mime@1.3.6
21 silly currentTree +-- load-json-file@1.1.0
21 silly currentTree | `-- graceful-fs@4.1.11
21 silly currentTree +-- lodash._baseassign@3.2.0
21 silly currentTree +-- lodash._basecopy@3.0.1
21 silly currentTree +-- lodash._basecreate@3.0.3
21 silly currentTree +-- lodash._getnative@3.9.1
21 silly currentTree +-- lodash._isiterateecall@3.0.9
21 silly currentTree +-- lodash.clonedeep@4.5.0
21 silly currentTree +-- lodash.create@3.1.1
21 silly currentTree +-- lodash.flatten@4.4.0
21 silly currentTree +-- lodash.get@4.4.2
21 silly currentTree +-- lodash.isarguments@3.1.0
21 silly currentTree +-- lodash.isarray@3.0.4
21 silly currentTree +-- lodash.keys@3.1.2
21 silly currentTree +-- lodash.set@4.3.2
21 silly currentTree +-- lodash.uniq@4.5.0
21 silly currentTree +-- lodash@4.17.4
21 silly currentTree +-- longest@1.0.1
21 silly currentTree +-- loud-rejection@1.6.0
21 silly currentTree +-- map-obj@1.0.1
21 silly currentTree +-- marked@0.3.6
21 silly currentTree +-- match-stream@0.0.2
21 silly currentTree +-- maxmin@2.1.0
21 silly currentTree +-- mcc-mnc-list@1.0.70
21 silly currentTree +-- media-typer@0.3.0
21 silly currentTree +-- meow@3.7.0
21 silly currentTree | `-- minimist@1.2.0
21 silly currentTree +-- merge-descriptors@1.0.1
21 silly currentTree +-- method-override@2.3.8
21 silly currentTree | `-- debug@2.6.3
21 silly currentTree +-- methods@1.1.2
21 silly currentTree +-- mime-db@1.27.0
21 silly currentTree +-- mime-types@2.1.15
21 silly currentTree +-- mime@1.2.6
21 silly currentTree +-- min-document@2.19.0
21 silly currentTree +-- minimatch@3.0.4
21 silly currentTree +-- minimist@0.0.8
21 silly currentTree +-- mkdirp@0.5.1
21 silly currentTree +-- mocha@3.4.2
21 silly currentTree | +-- commander@2.9.0
21 silly currentTree | +-- debug@2.6.0
21 silly currentTree | +-- glob@7.1.1
21 silly currentTree | `-- supports-color@3.1.2
21 silly currentTree +-- moment-timezone@0.5.13
21 silly currentTree +-- moment@2.18.1
21 silly currentTree +-- mongodb-core@2.1.10
21 silly currentTree | `-- bson@1.0.4
21 silly currentTree +-- mongodb@2.2.26
21 silly currentTree | +-- es6-promise@3.2.1
21 silly currentTree | +-- isarray@1.0.0
21 silly currentTree | +-- readable-stream@2.2.7
21 silly currentTree | `-- string_decoder@1.0.3
21 silly currentTree +-- mongoskin@2.1.0
21 silly currentTree +-- ms@0.7.2
21 silly currentTree +-- nan@2.5.1
21 silly currentTree +-- natives@1.1.0
21 silly currentTree +-- negotiator@0.6.1
21 silly currentTree +-- nodemailer-fetch@1.6.0
21 silly currentTree +-- nodemailer-sendmail-transport@1.0.2
21 silly currentTree +-- nodemailer-shared@1.1.0
21 silly currentTree +-- nodemailer-smtp-pool@2.8.3
21 silly currentTree +-- nodemailer-smtp-transport@2.7.4
21 silly currentTree +-- nodemailer-wellknown@0.1.10
21 silly currentTree +-- nodemailer@4.0.1
21 silly currentTree +-- nopt@3.0.6
21 silly currentTree +-- normalize-package-data@2.3.8
21 silly currentTree +-- number-is-nan@1.0.1
21 silly currentTree +-- oauth-sign@0.8.2
21 silly currentTree +-- object-assign@4.1.1
21 silly currentTree +-- object-keys@1.0.11
21 silly currentTree +-- object.assign@4.0.4
21 silly currentTree +-- on-finished@2.3.0
21 silly currentTree +-- on-headers@1.0.1
21 silly currentTree +-- once@1.4.0
21 silly currentTree +-- over@0.0.5
21 silly currentTree +-- pako@0.2.9
21 silly currentTree +-- parse-bmfont-ascii@1.0.6
21 silly currentTree +-- parse-bmfont-binary@1.0.6
21 silly currentTree +-- parse-bmfont-xml@1.1.3
21 silly currentTree +-- parse-headers@2.0.1
21 silly currentTree +-- parse-json@2.2.0
21 silly currentTree +-- parseurl@1.3.1
21 silly currentTree +-- path-exists@2.1.0
21 silly currentTree +-- path-is-absolute@1.0.1
21 silly currentTree +-- path-to-regexp@0.1.7
21 silly currentTree +-- path-type@1.1.0
21 silly currentTree | `-- graceful-fs@4.1.11
21 silly currentTree +-- performance-now@0.2.0
21 silly currentTree +-- pify@2.3.0
21 silly currentTree +-- pinkie-promise@2.0.1
21 silly currentTree +-- pinkie@2.0.4
21 silly currentTree +-- pixelmatch@4.0.2
21 silly currentTree +-- pngjs@3.2.0
21 silly currentTree +-- pretty-bytes@3.0.1
21 silly currentTree +-- process-nextick-args@1.0.7
21 silly currentTree +-- process@0.5.2
21 silly currentTree +-- properties-parser@0.3.1
21 silly currentTree +-- proxy-addr@1.1.4
21 silly currentTree +-- pullstream@0.4.1
21 silly currentTree +-- punycode@1.4.1
21 silly currentTree +-- qs@6.4.0
21 silly currentTree +-- random-bytes@1.0.0
21 silly currentTree +-- range-parser@0.0.4
21 silly currentTree +-- raw-body@2.2.0
21 silly currentTree +-- read-chunk@1.0.1
21 silly currentTree +-- read-pkg-up@1.0.1
21 silly currentTree +-- read-pkg@1.1.0
21 silly currentTree +-- readable-stream@1.0.34
21 silly currentTree +-- redent@1.0.0
21 silly currentTree +-- repeat-string@1.6.1
21 silly currentTree +-- repeating@2.0.1
21 silly currentTree +-- request@2.81.0
21 silly currentTree +-- require_optional@1.0.1
21 silly currentTree +-- requizzle@0.2.1
21 silly currentTree | `-- underscore@1.6.0
21 silly currentTree +-- resolve-from@2.0.0
21 silly currentTree +-- resolve@1.1.7
21 silly currentTree +-- revalidator@0.3.1
21 silly currentTree +-- right-align@0.1.3
21 silly currentTree +-- rimraf@2.6.1
21 silly currentTree +-- rndm@1.2.0
21 silly currentTree +-- safe-buffer@5.1.1
21 silly currentTree +-- sax@1.2.4
21 silly currentTree +-- semver@5.3.0
21 silly currentTree +-- send@0.0.3
21 silly currentTree +-- serve-static@1.12.1
21 silly currentTree | +-- fresh@0.5.0
21 silly currentTree | +-- mime@1.3.4
21 silly currentTree | +-- range-parser@1.2.0
21 silly currentTree | `-- send@0.15.1
21 silly currentTree +-- setimmediate@1.0.5
21 silly currentTree +-- setprototypeof@1.0.3
21 silly currentTree +-- shelljs@0.3.0
21 silly currentTree +-- should-equal@1.0.1
21 silly currentTree +-- should-format@3.0.3
21 silly currentTree +-- should-type-adaptors@1.0.1
21 silly currentTree +-- should-type@1.4.0
21 silly currentTree +-- should-util@1.0.0
21 silly currentTree +-- should@11.2.1
21 silly currentTree +-- signal-exit@3.0.2
21 silly currentTree +-- slice-stream@1.0.0
21 silly currentTree +-- smtp-connection@2.12.0
21 silly currentTree +-- sntp@1.0.9
21 silly currentTree +-- source-map@0.5.6
21 silly currentTree +-- spdx-correct@1.0.2
21 silly currentTree +-- spdx-expression-parse@1.0.4
21 silly currentTree +-- spdx-license-ids@1.2.2
21 silly currentTree +-- sprintf-js@1.0.3
21 silly currentTree +-- sshpk@1.13.1
21 silly currentTree | `-- assert-plus@1.0.0
21 silly currentTree +-- statuses@1.3.1
21 silly currentTree +-- stream-to-buffer@0.1.0
21 silly currentTree +-- stream-to@0.2.2
21 silly currentTree +-- string_decoder@0.10.31
21 silly currentTree +-- string.prototype.codepointat@0.2.0
21 silly currentTree +-- string@3.3.3
21 silly currentTree +-- stringstream@0.0.5
21 silly currentTree +-- strip-ansi@3.0.1
21 silly currentTree +-- strip-bom@2.0.0
21 silly currentTree +-- strip-indent@1.0.1
21 silly currentTree +-- strip-json-comments@2.0.1
21 silly currentTree +-- superagent@3.5.2
21 silly currentTree | +-- isarray@1.0.0
21 silly currentTree | +-- mime@1.3.6
21 silly currentTree | +-- readable-stream@2.3.2
21 silly currentTree | `-- string_decoder@1.0.3
21 silly currentTree +-- supertest@3.0.0
21 silly currentTree +-- supports-color@2.0.0
21 silly currentTree +-- taffydb@2.6.2
21 silly currentTree +-- time@0.12.0
21 silly currentTree +-- tinycolor2@1.4.1
21 silly currentTree +-- tough-cookie@2.3.2
21 silly currentTree +-- traverse@0.6.6
21 silly currentTree +-- trim-newlines@1.0.0
21 silly currentTree +-- trim@0.0.1
21 silly currentTree +-- tsscmp@1.0.5
21 silly currentTree +-- tunnel-agent@0.6.0
21 silly currentTree +-- tweetnacl@0.14.5
21 silly currentTree +-- type-is@1.6.15
21 silly currentTree +-- typedarray@0.0.6
21 silly currentTree +-- uglify-js@2.8.29
21 silly currentTree +-- uglify-to-browserify@1.0.2
21 silly currentTree +-- uid-safe@2.1.4
21 silly currentTree +-- underscore-contrib@0.3.0
21 silly currentTree | `-- underscore@1.6.0
21 silly currentTree +-- underscore.string@3.2.3
21 silly currentTree +-- underscore@1.8.3
21 silly currentTree +-- unpipe@1.0.0
21 silly currentTree +-- unzip@0.1.11
21 silly currentTree +-- uri-path@1.0.0
21 silly currentTree +-- url-regex@3.2.0
21 silly currentTree +-- util-deprecate@1.0.2
21 silly currentTree +-- utils-merge@1.0.0
21 silly currentTree +-- uuid@3.1.0
21 silly currentTree +-- validate-npm-package-license@3.0.1
21 silly currentTree +-- vary@1.1.1
21 silly currentTree +-- verror@1.3.6
21 silly currentTree +-- which@1.2.14
21 silly currentTree +-- window-size@0.1.0
21 silly currentTree +-- wordwrap@0.0.2
21 silly currentTree +-- wrappy@1.0.2
21 silly currentTree +-- xhr@2.4.0
21 silly currentTree +-- xml-parse-from-string@1.0.1
21 silly currentTree +-- xml2js@0.4.17
21 silly currentTree +-- xmlbuilder@4.2.1
21 silly currentTree +-- xtend@4.0.1
21 silly currentTree +-- yamljs@0.2.10
21 silly currentTree `-- yargs@3.10.0
21 silly currentTree   `-- camelcase@1.2.1
22 silly idealTree countly-server@17.5.0
22 silly idealTree +-- abbrev@1.1.0
22 silly idealTree +-- accepts@1.3.3
22 silly idealTree +-- acorn-jsx@3.0.1
22 silly idealTree +-- acorn@3.3.0
22 silly idealTree +-- ajv@4.11.8
22 silly idealTree +-- align-text@0.1.4
22 silly idealTree +-- ansi-regex@2.1.1
22 silly idealTree +-- ansi-styles@2.2.1
22 silly idealTree +-- argparse@1.0.9
22 silly idealTree +-- array-find-index@1.0.2
22 silly idealTree +-- array-flatten@1.1.1
22 silly idealTree +-- asn1@0.2.3
22 silly idealTree +-- assert-plus@0.2.0
22 silly idealTree +-- async@2.4.0
22 silly idealTree +-- asynckit@0.4.0
22 silly idealTree +-- aws-sign2@0.6.0
22 silly idealTree +-- aws4@1.6.0
22 silly idealTree +-- balanced-match@1.0.0
22 silly idealTree +-- basic-auth@1.1.0
22 silly idealTree +-- bcrypt-pbkdf@1.0.1
22 silly idealTree +-- bignumber.js@2.4.0
22 silly idealTree +-- binary@0.3.0
22 silly idealTree +-- bindings@1.2.1
22 silly idealTree +-- bluebird@3.5.0
22 silly idealTree +-- bmp-js@0.0.1
22 silly idealTree +-- body-parser@1.17.1
22 silly idealTree +-- boom@2.10.1
22 silly idealTree +-- brace-expansion@1.1.8
22 silly idealTree +-- browser-stdout@1.3.0
22 silly idealTree +-- browserify-zlib@0.1.4
22 silly idealTree +-- bson@0.2.2
22 silly idealTree +-- buffer-equal@0.0.1
22 silly idealTree +-- buffer-shims@1.0.0
22 silly idealTree +-- buffers@0.1.1
22 silly idealTree +-- builtin-modules@1.1.1
22 silly idealTree +-- bytes@2.4.0
22 silly idealTree +-- camelcase-keys@2.1.0
22 silly idealTree +-- camelcase@2.1.1
22 silly idealTree +-- caseless@0.12.0
22 silly idealTree +-- catharsis@0.8.8
22 silly idealTree +-- center-align@0.1.3
22 silly idealTree +-- chainsaw@0.1.0
22 silly idealTree | `-- traverse@0.3.9
22 silly idealTree +-- chalk@1.1.3
22 silly idealTree +-- clean-css@4.0.13
22 silly idealTree +-- cli-table@0.3.1
22 silly idealTree | `-- colors@1.0.3
22 silly idealTree +-- cli@1.0.1
22 silly idealTree +-- cliui@2.1.0
22 silly idealTree +-- co@4.6.0
22 silly idealTree +-- coffee-script@1.10.0
22 silly idealTree +-- colors@1.1.2
22 silly idealTree +-- combined-stream@1.0.5
22 silly idealTree +-- commander@2.10.0
22 silly idealTree +-- component-emitter@1.2.1
22 silly idealTree +-- concat-map@0.0.1
22 silly idealTree +-- concat-stream@1.6.0
22 silly idealTree | +-- isarray@1.0.0
22 silly idealTree | +-- readable-stream@2.3.2
22 silly idealTree | `-- string_decoder@1.0.3
22 silly idealTree +-- connect-flash@0.1.1
22 silly idealTree +-- connect-mongoskin@0.1.2
22 silly idealTree | +-- kerberos@0.0.3
22 silly idealTree | +-- mongodb@1.3.19
22 silly idealTree | `-- mongoskin@0.6.1
22 silly idealTree +-- connect@2.3.9
22 silly idealTree | +-- bytes@0.1.0
22 silly idealTree | +-- formidable@1.0.11
22 silly idealTree | `-- qs@0.4.2
22 silly idealTree +-- console-browserify@1.1.0
22 silly idealTree +-- content-disposition@0.5.2
22 silly idealTree +-- content-type@1.0.2
22 silly idealTree +-- cookie-parser@1.4.3
22 silly idealTree | `-- cookie@0.3.1
22 silly idealTree +-- cookie-signature@1.0.6
22 silly idealTree +-- cookie@0.0.4
22 silly idealTree +-- cookiejar@2.1.1
22 silly idealTree +-- core-util-is@1.0.2
22 silly idealTree +-- countly-sdk-web@17.5.0
22 silly idealTree +-- crc@0.2.0
22 silly idealTree +-- cryptiles@2.0.5
22 silly idealTree +-- csrf@3.0.6
22 silly idealTree +-- csurf@1.9.0
22 silly idealTree | +-- cookie@0.3.1
22 silly idealTree | +-- http-errors@1.5.1
22 silly idealTree | `-- setprototypeof@1.0.2
22 silly idealTree +-- currently-unhandled@0.4.1
22 silly idealTree +-- dashdash@1.14.1
22 silly idealTree | `-- assert-plus@1.0.0
22 silly idealTree +-- date-now@0.1.4
22 silly idealTree +-- dateformat@1.0.12
22 silly idealTree +-- debug@2.6.1
22 silly idealTree +-- decamelize@1.2.0
22 silly idealTree +-- define-properties@1.1.2
22 silly idealTree +-- delayed-stream@1.0.0
22 silly idealTree +-- depd@1.1.0
22 silly idealTree +-- destroy@1.0.4
22 silly idealTree +-- diff@3.2.0
22 silly idealTree +-- docdash@0.4.0
22 silly idealTree +-- dom-serializer@0.1.0
22 silly idealTree | +-- domelementtype@1.1.3
22 silly idealTree | `-- entities@1.1.1
22 silly idealTree +-- dom-walk@0.1.1
22 silly idealTree +-- domelementtype@1.3.0
22 silly idealTree +-- domhandler@2.3.0
22 silly idealTree +-- domutils@1.5.1
22 silly idealTree +-- duplexer@0.1.1
22 silly idealTree +-- ecc-jsbn@0.1.1
22 silly idealTree +-- ee-first@1.1.1
22 silly idealTree +-- ejs@2.5.6
22 silly idealTree +-- encodeurl@1.0.1
22 silly idealTree +-- entities@1.0.0
22 silly idealTree +-- error-ex@1.3.1
22 silly idealTree +-- errorhandler@1.5.0
22 silly idealTree +-- es6-promise@3.3.1
22 silly idealTree +-- escape-html@1.0.3
22 silly idealTree +-- escape-string-regexp@1.0.5
22 silly idealTree +-- espree@3.1.7
22 silly idealTree +-- esprima@2.7.3
22 silly idealTree +-- etag@1.8.0
22 silly idealTree +-- evented-async-loop@0.1.1
22 silly idealTree +-- eventemitter2@0.4.14
22 silly idealTree +-- exif-parser@0.1.9
22 silly idealTree +-- exit@0.1.2
22 silly idealTree +-- express-expose@0.3.4
22 silly idealTree +-- express-session@1.15.2
22 silly idealTree | +-- cookie@0.3.1
22 silly idealTree | +-- crc@3.4.4
22 silly idealTree | `-- debug@2.6.3
22 silly idealTree +-- express@4.15.2
22 silly idealTree | +-- cookie@0.3.1
22 silly idealTree | +-- fresh@0.5.0
22 silly idealTree | +-- mime@1.3.4
22 silly idealTree | +-- range-parser@1.2.0
22 silly idealTree | `-- send@0.15.1
22 silly idealTree +-- extend@3.0.1
22 silly idealTree +-- external-ip@0.2.4
22 silly idealTree +-- extsprintf@1.0.2
22 silly idealTree +-- figures@1.7.0
22 silly idealTree +-- file-sync-cmp@0.1.1
22 silly idealTree +-- file-type@3.9.0
22 silly idealTree +-- finalhandler@1.0.3
22 silly idealTree | +-- debug@2.6.7
22 silly idealTree | `-- ms@2.0.0
22 silly idealTree +-- find-up@1.1.2
22 silly idealTree +-- findup-sync@0.3.0
22 silly idealTree | `-- glob@5.0.15
22 silly idealTree +-- flat@2.0.1
22 silly idealTree +-- for-each@0.3.2
22 silly idealTree +-- foreach@2.0.5
22 silly idealTree +-- forever-agent@0.6.1
22 silly idealTree +-- form-data@2.1.4
22 silly idealTree +-- formidable@1.1.1
22 silly idealTree +-- forwarded@0.1.0
22 silly idealTree +-- fresh@0.1.0
22 silly idealTree +-- fs.realpath@1.0.0
22 silly idealTree +-- fstream@0.1.31
22 silly idealTree +-- function-bind@1.1.0
22 silly idealTree +-- geoip-lite@1.2.1
22 silly idealTree +-- get-stdin@4.0.1
22 silly idealTree +-- getobject@0.1.0
22 silly idealTree +-- getpass@0.1.7
22 silly idealTree | `-- assert-plus@1.0.0
22 silly idealTree +-- glob@7.1.2
22 silly idealTree +-- global@4.3.2
22 silly idealTree +-- graceful-fs@3.0.11
22 silly idealTree +-- graceful-readlink@1.0.1
22 silly idealTree +-- growl@1.9.2
22 silly idealTree +-- grunt-cli@1.2.0
22 silly idealTree +-- grunt-contrib-concat@1.0.1
22 silly idealTree +-- grunt-contrib-copy@1.0.0
22 silly idealTree +-- grunt-contrib-cssmin@2.1.0
22 silly idealTree +-- grunt-contrib-jshint@1.1.0
22 silly idealTree +-- grunt-contrib-uglify@2.3.0
22 silly idealTree | +-- gzip-size@1.0.0
22 silly idealTree | +-- maxmin@1.1.0
22 silly idealTree | `-- pretty-bytes@1.0.4
22 silly idealTree +-- grunt-known-options@1.1.0
22 silly idealTree +-- grunt-legacy-log-utils@1.0.0
22 silly idealTree | `-- lodash@4.3.0
22 silly idealTree +-- grunt-legacy-log@1.0.0
22 silly idealTree | `-- lodash@3.10.1
22 silly idealTree +-- grunt-legacy-util@1.0.0
22 silly idealTree | +-- async@1.5.2
22 silly idealTree | `-- lodash@4.3.0
22 silly idealTree +-- grunt-mocha-test@0.13.2
22 silly idealTree +-- grunt@1.0.1
22 silly idealTree | +-- glob@7.0.6
22 silly idealTree | `-- rimraf@2.2.8
22 silly idealTree +-- gzip-size@3.0.0
22 silly idealTree +-- har-schema@1.0.5
22 silly idealTree +-- har-validator@4.2.1
22 silly idealTree +-- has-ansi@2.0.0
22 silly idealTree +-- has-flag@1.0.0
22 silly idealTree +-- hawk@3.1.3
22 silly idealTree +-- hoek@2.16.3
22 silly idealTree +-- hooker@0.2.3
22 silly idealTree +-- hosted-git-info@2.4.2
22 silly idealTree +-- htmlparser2@3.8.3
22 silly idealTree | `-- readable-stream@1.1.14
22 silly idealTree +-- http-errors@1.6.1
22 silly idealTree +-- http-signature@1.1.1
22 silly idealTree +-- httpntlm@1.6.1
22 silly idealTree | `-- underscore@1.7.0
22 silly idealTree +-- httpreq@0.4.23
22 silly idealTree +-- iconv-lite@0.4.15
22 silly idealTree +-- indent-string@2.1.0
22 silly idealTree +-- inflight@1.0.6
22 silly idealTree +-- inherits@2.0.3
22 silly idealTree +-- ip-regex@1.0.3
22 silly idealTree +-- ipaddr.js@1.3.0
22 silly idealTree +-- is-arrayish@0.2.1
22 silly idealTree +-- is-buffer@1.1.5
22 silly idealTree +-- is-builtin-module@1.0.0
22 silly idealTree +-- is-finite@1.0.2
22 silly idealTree +-- is-function@1.0.1
22 silly idealTree +-- is-typedarray@1.0.0
22 silly idealTree +-- is-utf8@0.2.1
22 silly idealTree +-- isarray@0.0.1
22 silly idealTree +-- isexe@2.0.0
22 silly idealTree +-- isstream@0.1.2
22 silly idealTree +-- jimp@0.2.27
22 silly idealTree | `-- mime@1.3.6
22 silly idealTree +-- jpeg-js@0.2.0
22 silly idealTree +-- js-yaml@3.5.5
22 silly idealTree +-- js2xmlparser@1.0.0
22 silly idealTree +-- jsbn@0.1.1
22 silly idealTree +-- jsdoc@3.4.3
22 silly idealTree | `-- bluebird@3.4.7
22 silly idealTree +-- jshint@2.9.5
22 silly idealTree | +-- lodash@3.7.0
22 silly idealTree | `-- strip-json-comments@1.0.4
22 silly idealTree +-- json-schema@0.2.3
22 silly idealTree +-- json-stable-stringify@1.0.1
22 silly idealTree +-- json-stringify-safe@5.0.1
22 silly idealTree +-- json2csv@3.7.3
22 silly idealTree +-- json2xls@0.1.2
22 silly idealTree | `-- excel-export@0.3.11
22 silly idealTree |   `-- node-zip@1.1.1
22 silly idealTree |     `-- jszip@2.5.0
22 silly idealTree |       `-- pako@0.2.8
22 silly idealTree +-- json3@3.3.2
22 silly idealTree +-- jsonify@0.0.0
22 silly idealTree +-- jsprim@1.4.0
22 silly idealTree | `-- assert-plus@1.0.0
22 silly idealTree +-- kerberos@0.0.23
22 silly idealTree +-- kind-of@3.2.2
22 silly idealTree +-- klaw@1.3.1
22 silly idealTree | `-- graceful-fs@4.1.11
22 silly idealTree +-- later@1.2.0
22 silly idealTree +-- lazy-cache@1.0.4
22 silly idealTree +-- lazy@1.0.11
22 silly idealTree +-- load-bmfont@1.3.0
22 silly idealTree | `-- mime@1.3.6
22 silly idealTree +-- load-json-file@1.1.0
22 silly idealTree | `-- graceful-fs@4.1.11
22 silly idealTree +-- lodash._baseassign@3.2.0
22 silly idealTree +-- lodash._basecopy@3.0.1
22 silly idealTree +-- lodash._basecreate@3.0.3
22 silly idealTree +-- lodash._getnative@3.9.1
22 silly idealTree +-- lodash._isiterateecall@3.0.9
22 silly idealTree +-- lodash.clonedeep@4.5.0
22 silly idealTree +-- lodash.create@3.1.1
22 silly idealTree +-- lodash.flatten@4.4.0
22 silly idealTree +-- lodash.get@4.4.2
22 silly idealTree +-- lodash.isarguments@3.1.0
22 silly idealTree +-- lodash.isarray@3.0.4
22 silly idealTree +-- lodash.keys@3.1.2
22 silly idealTree +-- lodash.set@4.3.2
22 silly idealTree +-- lodash.uniq@4.5.0
22 silly idealTree +-- lodash@4.17.4
22 silly idealTree +-- longest@1.0.1
22 silly idealTree +-- loud-rejection@1.6.0
22 silly idealTree +-- map-obj@1.0.1
22 silly idealTree +-- marked@0.3.6
22 silly idealTree +-- match-stream@0.0.2
22 silly idealTree +-- maxmin@2.1.0
22 silly idealTree +-- mcc-mnc-list@1.0.70
22 silly idealTree +-- media-typer@0.3.0
22 silly idealTree +-- meow@3.7.0
22 silly idealTree | `-- minimist@1.2.0
22 silly idealTree +-- merge-descriptors@1.0.1
22 silly idealTree +-- method-override@2.3.8
22 silly idealTree | `-- debug@2.6.3
22 silly idealTree +-- methods@1.1.2
22 silly idealTree +-- mime-db@1.27.0
22 silly idealTree +-- mime-types@2.1.15
22 silly idealTree +-- mime@1.2.6
22 silly idealTree +-- min-document@2.19.0
22 silly idealTree +-- minimatch@3.0.4
22 silly idealTree +-- minimist@0.0.8
22 silly idealTree +-- mkdirp@0.5.1
22 silly idealTree +-- mocha@3.4.2
22 silly idealTree | +-- commander@2.9.0
22 silly idealTree | +-- debug@2.6.0
22 silly idealTree | +-- glob@7.1.1
22 silly idealTree | `-- supports-color@3.1.2
22 silly idealTree +-- moment-timezone@0.5.13
22 silly idealTree +-- moment@2.18.1
22 silly idealTree +-- mongodb-core@2.1.10
22 silly idealTree | `-- bson@1.0.4
22 silly idealTree +-- mongodb@2.2.26
22 silly idealTree | +-- es6-promise@3.2.1
22 silly idealTree | +-- isarray@1.0.0
22 silly idealTree | +-- readable-stream@2.2.7
22 silly idealTree | `-- string_decoder@1.0.3
22 silly idealTree +-- mongoskin@2.1.0
22 silly idealTree +-- ms@0.7.2
22 silly idealTree +-- nan@2.5.1
22 silly idealTree +-- natives@1.1.0
22 silly idealTree +-- negotiator@0.6.1
22 silly idealTree +-- nodemailer-fetch@1.6.0
22 silly idealTree +-- nodemailer-sendmail-transport@1.0.2
22 silly idealTree +-- nodemailer-shared@1.1.0
22 silly idealTree +-- nodemailer-smtp-pool@2.8.3
22 silly idealTree +-- nodemailer-smtp-transport@2.7.4
22 silly idealTree +-- nodemailer-wellknown@0.1.10
22 silly idealTree +-- nodemailer@4.0.1
22 silly idealTree +-- nopt@3.0.6
22 silly idealTree +-- normalize-package-data@2.3.8
22 silly idealTree +-- number-is-nan@1.0.1
22 silly idealTree +-- oauth-sign@0.8.2
22 silly idealTree +-- object-assign@4.1.1
22 silly idealTree +-- object-keys@1.0.11
22 silly idealTree +-- object.assign@4.0.4
22 silly idealTree +-- on-finished@2.3.0
22 silly idealTree +-- on-headers@1.0.1
22 silly idealTree +-- once@1.4.0
22 silly idealTree +-- over@0.0.5
22 silly idealTree +-- pako@0.2.9
22 silly idealTree +-- parse-bmfont-ascii@1.0.6
22 silly idealTree +-- parse-bmfont-binary@1.0.6
22 silly idealTree +-- parse-bmfont-xml@1.1.3
22 silly idealTree +-- parse-headers@2.0.1
22 silly idealTree +-- parse-json@2.2.0
22 silly idealTree +-- parseurl@1.3.1
22 silly idealTree +-- path-exists@2.1.0
22 silly idealTree +-- path-is-absolute@1.0.1
22 silly idealTree +-- path-to-regexp@0.1.7
22 silly idealTree +-- path-type@1.1.0
22 silly idealTree | `-- graceful-fs@4.1.11
22 silly idealTree +-- performance-now@0.2.0
22 silly idealTree +-- pify@2.3.0
22 silly idealTree +-- pinkie-promise@2.0.1
22 silly idealTree +-- pinkie@2.0.4
22 silly idealTree +-- pixelmatch@4.0.2
22 silly idealTree +-- pngjs@3.2.0
22 silly idealTree +-- pretty-bytes@3.0.1
22 silly idealTree +-- process-nextick-args@1.0.7
22 silly idealTree +-- process@0.5.2
22 silly idealTree +-- properties-parser@0.3.1
22 silly idealTree +-- proxy-addr@1.1.4
22 silly idealTree +-- pullstream@0.4.1
22 silly idealTree +-- punycode@1.4.1
22 silly idealTree +-- qs@6.4.0
22 silly idealTree +-- random-bytes@1.0.0
22 silly idealTree +-- range-parser@0.0.4
22 silly idealTree +-- raw-body@2.2.0
22 silly idealTree +-- read-chunk@1.0.1
22 silly idealTree +-- read-pkg-up@1.0.1
22 silly idealTree +-- read-pkg@1.1.0
22 silly idealTree +-- readable-stream@1.0.34
22 silly idealTree +-- redent@1.0.0
22 silly idealTree +-- repeat-string@1.6.1
22 silly idealTree +-- repeating@2.0.1
22 silly idealTree +-- request@2.81.0
22 silly idealTree +-- require_optional@1.0.1
22 silly idealTree +-- requizzle@0.2.1
22 silly idealTree | `-- underscore@1.6.0
22 silly idealTree +-- resolve-from@2.0.0
22 silly idealTree +-- resolve@1.1.7
22 silly idealTree +-- revalidator@0.3.1
22 silly idealTree +-- right-align@0.1.3
22 silly idealTree +-- rimraf@2.6.1
22 silly idealTree +-- rndm@1.2.0
22 silly idealTree +-- safe-buffer@5.1.1
22 silly idealTree +-- sax@1.2.4
22 silly idealTree +-- semver@5.3.0
22 silly idealTree +-- send@0.0.3
22 silly idealTree +-- serve-static@1.12.1
22 silly idealTree | +-- fresh@0.5.0
22 silly idealTree | +-- mime@1.3.4
22 silly idealTree | +-- range-parser@1.2.0
22 silly idealTree | `-- send@0.15.1
22 silly idealTree +-- setimmediate@1.0.5
22 silly idealTree +-- setprototypeof@1.0.3
22 silly idealTree +-- shelljs@0.3.0
22 silly idealTree +-- should-equal@1.0.1
22 silly idealTree +-- should-format@3.0.3
22 silly idealTree +-- should-type-adaptors@1.0.1
22 silly idealTree +-- should-type@1.4.0
22 silly idealTree +-- should-util@1.0.0
22 silly idealTree +-- should@11.2.1
22 silly idealTree +-- signal-exit@3.0.2
22 silly idealTree +-- slice-stream@1.0.0
22 silly idealTree +-- smtp-connection@2.12.0
22 silly idealTree +-- sntp@1.0.9
22 silly idealTree +-- source-map@0.5.6
22 silly idealTree +-- spdx-correct@1.0.2
22 silly idealTree +-- spdx-expression-parse@1.0.4
22 silly idealTree +-- spdx-license-ids@1.2.2
22 silly idealTree +-- sprintf-js@1.0.3
22 silly idealTree +-- sshpk@1.13.1
22 silly idealTree | `-- assert-plus@1.0.0
22 silly idealTree +-- statuses@1.3.1
22 silly idealTree +-- stream-to-buffer@0.1.0
22 silly idealTree +-- stream-to@0.2.2
22 silly idealTree +-- string_decoder@0.10.31
22 silly idealTree +-- string.prototype.codepointat@0.2.0
22 silly idealTree +-- string@3.3.3
22 silly idealTree +-- stringstream@0.0.5
22 silly idealTree +-- strip-ansi@3.0.1
22 silly idealTree +-- strip-bom@2.0.0
22 silly idealTree +-- strip-indent@1.0.1
22 silly idealTree +-- strip-json-comments@2.0.1
22 silly idealTree +-- superagent@3.5.2
22 silly idealTree | +-- isarray@1.0.0
22 silly idealTree | +-- mime@1.3.6
22 silly idealTree | +-- readable-stream@2.3.2
22 silly idealTree | `-- string_decoder@1.0.3
22 silly idealTree +-- supertest@3.0.0
22 silly idealTree +-- supports-color@2.0.0
22 silly idealTree +-- taffydb@2.6.2
22 silly idealTree +-- time@0.12.0
22 silly idealTree +-- tinycolor2@1.4.1
22 silly idealTree +-- tough-cookie@2.3.2
22 silly idealTree +-- traverse@0.6.6
22 silly idealTree +-- trim-newlines@1.0.0
22 silly idealTree +-- trim@0.0.1
22 silly idealTree +-- tsscmp@1.0.5
22 silly idealTree +-- tunnel-agent@0.6.0
22 silly idealTree +-- tweetnacl@0.14.5
22 silly idealTree +-- type-is@1.6.15
22 silly idealTree +-- typedarray@0.0.6
22 silly idealTree +-- uglify-js@2.8.29
22 silly idealTree +-- uglify-to-browserify@1.0.2
22 silly idealTree +-- uid-safe@2.1.4
22 silly idealTree +-- underscore-contrib@0.3.0
22 silly idealTree | `-- underscore@1.6.0
22 silly idealTree +-- underscore.string@3.2.3
22 silly idealTree +-- underscore@1.8.3
22 silly idealTree +-- unpipe@1.0.0
22 silly idealTree +-- unzip@0.1.11
22 silly idealTree +-- uri-path@1.0.0
22 silly idealTree +-- url-regex@3.2.0
22 silly idealTree +-- util-deprecate@1.0.2
22 silly idealTree +-- utils-merge@1.0.0
22 silly idealTree +-- uuid@3.1.0
22 silly idealTree +-- validate-npm-package-license@3.0.1
22 silly idealTree +-- vary@1.1.1
22 silly idealTree +-- verror@1.3.6
22 silly idealTree +-- which@1.2.14
22 silly idealTree +-- window-size@0.1.0
22 silly idealTree +-- wordwrap@0.0.2
22 silly idealTree +-- wrappy@1.0.2
22 silly idealTree +-- xhr@2.4.0
22 silly idealTree +-- xml-parse-from-string@1.0.1
22 silly idealTree +-- xml2js@0.4.17
22 silly idealTree +-- xmlbuilder@4.2.1
22 silly idealTree +-- xtend@4.0.1
22 silly idealTree +-- yamljs@0.2.10
22 silly idealTree `-- yargs@3.10.0
22 silly idealTree   `-- camelcase@1.2.1
23 silly generateActionsToTake Starting
24 silly install generateActionsToTake
25 silly generateActionsToTake Finishing
26 silly diffTrees action count 0
27 silly decomposeActions action count 0
28 silly runTopLevelLifecycles Starting
29 silly executeActions Starting
30 silly install executeActions
31 silly doSerial global-install 0
32 silly doParallel fetch 0
33 verbose correctMkdir /home/wirddin/.npm/_locks correctMkdir not in flight; initializing
34 verbose lock using /home/wirddin/.npm/_locks/staging-b9c2a2b06a50acd1.lock for /home/wirddin/Projects/Countly/countly-server/node_modules/.staging
35 verbose unlock done using /home/wirddin/.npm/_locks/staging-b9c2a2b06a50acd1.lock for /home/wirddin/Projects/Countly/countly-server/node_modules/.staging
36 silly rollbackFailedOptional Starting
37 silly rollbackFailedOptional Finishing
38 silly runTopLevelLifecycles Finishing
39 silly install printInstalled
40 warn countly-server@17.5.0 No license field.
41 verbose If you need help, you may report this error at:
41 verbose     <https://github.com/npm/npm/issues>
42 verbose stack Error: EACCES: permission denied, mkdir '/home/wirddin/Projects/Countly/countly-server/node_modules/.staging'
42 verbose stack     at Error (native)
43 verbose cwd /home/wirddin/Projects/Countly/countly-server
44 error Linux 4.4.0-71-generic
45 error argv "/usr/bin/nodejs" "/usr/bin/npm" "remove" "mongoose"
46 error node v6.11.0
47 error npm  v3.10.10
48 error path /home/wirddin/Projects/Countly/countly-server/node_modules/.staging
49 error code EACCES
50 error errno -13
51 error syscall mkdir
52 error Error: EACCES: permission denied, mkdir '/home/wirddin/Projects/Countly/countly-server/node_modules/.staging'
52 error     at Error (native)
52 error  { Error: EACCES: permission denied, mkdir '/home/wirddin/Projects/Countly/countly-server/node_modules/.staging'
52 error     at Error (native)
52 error   errno: -13,
52 error   code: 'EACCES',
52 error   syscall: 'mkdir',
52 error   path: '/home/wirddin/Projects/Countly/countly-server/node_modules/.staging' }
53 error Please try running this command again as root/Administrator.
54 verbose exit [ -13, true ]
