
   ______                  __  __
  / ____/___  __  ______  / /_/ /_  __
 / /   / __ \/ / / / __ \/ __/ / / / /
/ /___/ /_/ / /_/ / / / / /_/ / /_/ /
\____/\____/\__,_/_/ /_/\__/_/\__, /
              http://count.ly/____/

Hit:1 http://ppa.launchpad.net/gerardpuig/ppa/ubuntu xenial InRelease
Hit:2 http://ppa.launchpad.net/nathan-renniewaldock/flux/ubuntu xenial InRelease
Hit:3 http://repository.spotify.com stable InRelease
Get:4 http://download.virtualbox.org/virtualbox/debian xenial InRelease [7,877 B]
Hit:5 http://ppa.launchpad.net/nilarimogard/webupd8/ubuntu xenial InRelease
Hit:6 http://ppa.launchpad.net/numix/ppa/ubuntu xenial InRelease
Hit:8 http://ppa.launchpad.net/ubuntu-wine/ppa/ubuntu xenial InRelease
Ign:4 http://download.virtualbox.org/virtualbox/debian xenial InRelease
Hit:9 http://ppa.launchpad.net/webupd8team/atom/ubuntu xenial InRelease
Hit:10 http://ppa.launchpad.net/webupd8team/haguichi/ubuntu xenial InRelease
Hit:11 http://ppa.launchpad.net/webupd8team/sublime-text-3/ubuntu xenial InRelease
Ign:7 http://toolbelt.heroku.com/ubuntu ./ InRelease
Get:13 https://fman.io/updates/ubuntu stable InRelease [1,800 B]
Hit:13 https://fman.io/updates/ubuntu stable InRelease
Hit:12 http://toolbelt.heroku.com/ubuntu ./ Release
Hit:15 https://packagecloud.io/slacktechnologies/slack/debian jessie InRelease
Ign:16 http://dl.google.com/linux/chrome/deb stable InRelease
Hit:17 http://dl.google.com/linux/chrome/deb stable Release
Ign:18 http://download.opensuse.org/repositories/home:/Horst3180/xUbuntu_16.04  InRelease
Hit:20 http://download.opensuse.org/repositories/home:/Horst3180/xUbuntu_16.04  Release
Get:21 http://download.opensuse.org/repositories/home:/Horst3180/xUbuntu_16.04  Release.gpg [481 B]
Ign:21 http://download.opensuse.org/repositories/home:/Horst3180/xUbuntu_16.04  Release.gpg
Hit:22 http://archive.canonical.com/ubuntu xenial InRelease
Hit:23 http://in.archive.ubuntu.com/ubuntu xenial InRelease
Get:24 http://in.archive.ubuntu.com/ubuntu xenial-updates InRelease [102 kB]
Get:25 http://in.archive.ubuntu.com/ubuntu xenial-backports InRelease [102 kB]
Get:26 http://in.archive.ubuntu.com/ubuntu xenial-updates/universe Sources [162 kB]
Get:27 http://in.archive.ubuntu.com/ubuntu xenial-updates/universe amd64 Packages [488 kB]
Get:28 http://in.archive.ubuntu.com/ubuntu xenial-updates/universe i386 Packages [471 kB]
Get:29 http://in.archive.ubuntu.com/ubuntu xenial-updates/universe Translation-en [193 kB]
Hit:30 http://dl.yarnpkg.com/debian stable InRelease
Get:31 http://security.ubuntu.com/ubuntu xenial-security InRelease [102 kB]
Get:32 http://security.ubuntu.com/ubuntu xenial-security/main amd64 DEP-11 Metadata [54.9 kB]
Get:33 http://security.ubuntu.com/ubuntu xenial-security/main DEP-11 64x64 Icons [41.9 kB]
Get:34 http://security.ubuntu.com/ubuntu xenial-security/universe amd64 DEP-11 Metadata [35.7 kB]
Get:35 http://security.ubuntu.com/ubuntu xenial-security/universe DEP-11 64x64 Icons [52.2 kB]
Fetched 1,813 kB in 12min 3s (2,507 B/s)
Reading package lists...
W: GPG error: http://download.virtualbox.org/virtualbox/debian xenial InRelease: The following signatures couldn't be verified because the public key is not available: NO_PUBKEY A2F683C52980AECF
W: The repository 'http://download.virtualbox.org/virtualbox/debian xenial InRelease' is not signed.
W: GPG error: http://download.opensuse.org/repositories/home:/Horst3180/xUbuntu_16.04  Release: The following signatures couldn't be verified because the public key is not available: NO_PUBKEY 5A7D1D38BEB6D886
W: The repository 'http://download.opensuse.org/repositories/home:/Horst3180/xUbuntu_16.04  Release' is not signed.
Reading package lists...
Building dependency tree...
Reading state information...
build-essential is already the newest version (12.1ubuntu2).
git is already the newest version (1:2.7.4-0ubuntu1.1).
libkrb5-dev is already the newest version (1.13.2+dfsg-5ubuntu2).
wget is already the newest version (1.17.1-1ubuntu1.2).
wget set to manually installed.
python-software-properties is already the newest version (0.96.20.7).
The following packages were automatically installed and are no longer required:
  libjpeg62:i386 libmuparser2v5 libqt5concurrent5 libxtst6:i386
  ubuntu-core-launcher
Use 'sudo apt autoremove' to remove them.
0 upgraded, 0 newly installed, 0 to remove and 242 not upgraded.
